[up.qq.com/2014/invitation/main.html]
[backblue.gif]
[fade.gif]
[index.html]
[up.qq.com/2014/invitation/fonts/invitation.woff]
[up.qq.com/2014/invitation/fonts/invitation.ttf]
[ossweb-img.qq.com/images/invatation/icon01.png]
[ossweb-img.qq.com/images/invatation/icon02.png]
[ossweb-img.qq.com/images/invatation/icon03.png]
[ossweb-img.qq.com/images/invatation/bg_01.jpg]
[ossweb-img.qq.com/images/invatation/bg_link.png]
[ossweb-img.qq.com/images/invatation/bg_end.jpg]
[up.qq.com/2014/invitation/parallax.js]
[up.qq.com/2014/invitation/zepto.min.js]
[up.qq.com/2014/invitation/index.html]
[ossweb-img.qq.com/images/invatation/up.jpg]
[pingjs.qq.com/ping_tcss_ied.js]
[up.qq.com/2014/invitation/main.html]
[up.qq.com/2014/invitation/parallax.js]
[up.qq.com/2014/invitation/zepto.min.js]
[up.qq.com/2014/invitation/index.html]
[pingjs.qq.com/ping_tcss_ied.js]
